[debug] [2020-06-17T14:33:46.145Z] ----------------------------------------------------------------------
[debug] [2020-06-17T14:33:46.148Z] Command:       C:\Program Files\nodejs\node.exe C:\Users\Sebaspc\AppData\Roaming\npm\node_modules\firebase-tools\lib\bin\firebase.js init
[debug] [2020-06-17T14:33:46.149Z] CLI Version:   8.4.2
[debug] [2020-06-17T14:33:46.149Z] Platform:      win32
[debug] [2020-06-17T14:33:46.149Z] Node Version:  v14.4.0
[debug] [2020-06-17T14:33:46.150Z] Time:          Wed Jun 17 2020 09:33:46 GMT-0500 (hora estándar de Colombia)
[debug] [2020-06-17T14:33:46.150Z] ----------------------------------------------------------------------
[debug] [2020-06-17T14:33:46.151Z] 
[debug] [2020-06-17T14:33:46.158Z] > command requires scopes: ["email","openid","https://www.googleapis.com/auth/cloudplatformprojects.readonly","https://www.googleapis.com/auth/firebase","https://www.googleapis.com/auth/cloud-platform"]
[debug] [2020-06-17T14:33:46.159Z] > authorizing via signed-in user
[info] 
     ######## #### ########  ######## ########     ###     ######  ########
     ##        ##  ##     ## ##       ##     ##  ##   ##  ##       ##
     ######    ##  ########  ######   ########  #########  ######  ######
     ##        ##  ##    ##  ##       ##     ## ##     ##       ## ##
     ##       #### ##     ## ######## ########  ##     ##  ######  ########

You're about to initialize a Firebase project in this directory:

  C:\xampp2\htdocs\RoomServices

Before we get started, keep in mind:

  * You are currently outside your home directory

[info] 
=== Project Setup
[info] 
[info] First, let's associate this project directory with a Firebase project.
[info] You can create multiple project aliases by running firebase use --add, 
[info] but for now we'll just set up a default project.
[info] 
[info] 
=== Hosting Setup
[info] 
[info] Your public directory is the folder (relative to your project directory) that
[info] will contain Hosting assets to be uploaded with firebase deploy. If you
[info] have a build process for your assets, use your build's output directory.
[info] 
